<?xml version="1.0" encoding="UTF-8"?>
<robot generator="Robot 4.0.3 (Python 3.9.5 on win32)" generated="20210819 09:32:55.034" rpa="false" schemaversion="2">
<suite id="s1" name="test DatePicker" source="D:\eva\test\selenium\github\datepicker\test_DatePicker.robot">
<test id="s1-t1" name="Start Automation">
<kw name="Launch Browser">
<kw name="Open Browser" library="Selenium2Library">
<arg>${url}</arg>
<arg>${browser}</arg>
<doc>Opens a new browser instance to the optional ``url``.</doc>
<msg timestamp="20210819 09:32:55.764" level="INFO">Opening browser 'Chrome' to base url 'https://testautomationpractice.blogspot.com/'.</msg>
<status status="PASS" starttime="20210819 09:32:55.764" endtime="20210819 09:33:10.304"/>
</kw>
<kw name="Maximize Browser Window" library="Selenium2Library">
<doc>Maximizes current browser window.</doc>
<status status="PASS" starttime="20210819 09:33:10.304" endtime="20210819 09:33:10.424"/>
</kw>
<kw name="Execute Javascript" library="Selenium2Library">
<arg>window.scrollTo(0, 254)</arg>
<doc>Executes the given JavaScript code with possible arguments.</doc>
<msg timestamp="20210819 09:33:10.424" level="INFO">Executing JavaScript:
window.scrollTo(0, 254)
Without any arguments.</msg>
<status status="PASS" starttime="20210819 09:33:10.424" endtime="20210819 09:33:10.434"/>
</kw>
<status status="PASS" starttime="20210819 09:32:55.764" endtime="20210819 09:33:10.434"/>
</kw>
<kw name="Test Datepicker">
<kw name="Click Element" library="Selenium2Library">
<arg>${date_picker}</arg>
<doc>Click the element identified by ``locator``.</doc>
<msg timestamp="20210819 09:33:10.434" level="INFO">Clicking element 'datepicker'.</msg>
<status status="PASS" starttime="20210819 09:33:10.434" endtime="20210819 09:33:10.594"/>
</kw>
<kw name="Click Back Month">
<kw name="Wait Until Element Is Visible" library="Selenium2Library">
<arg>${back_button}</arg>
<doc>Waits until the element ``locator`` is visible.</doc>
<status status="PASS" starttime="20210819 09:33:10.594" endtime="20210819 09:33:10.634"/>
</kw>
<kw name="Click Element" library="Selenium2Library">
<arg>${back_button}</arg>
<doc>Click the element identified by ``locator``.</doc>
<msg timestamp="20210819 09:33:10.634" level="INFO">Clicking element '//*[@id="ui-datepicker-div"]/div/a[1]'.</msg>
<status status="PASS" starttime="20210819 09:33:10.634" endtime="20210819 09:33:10.704"/>
</kw>
<status status="PASS" starttime="20210819 09:33:10.594" endtime="20210819 09:33:10.704"/>
</kw>
<kw name="Click Element" library="Selenium2Library">
<arg>//*[@id="ui-datepicker-div"]/table/tbody/tr[3]/td[6]/a</arg>
<doc>Click the element identified by ``locator``.</doc>
<msg timestamp="20210819 09:33:10.704" level="INFO">Clicking element '//*[@id="ui-datepicker-div"]/table/tbody/tr[3]/td[6]/a'.</msg>
<status status="PASS" starttime="20210819 09:33:10.704" endtime="20210819 09:33:10.769"/>
</kw>
<kw name="Get Element Attribute" library="Selenium2Library">
<var>${value}</var>
<arg>${date_picker}</arg>
<arg>value</arg>
<doc>Returns the value of ``attribute`` from the element ``locator``.</doc>
<msg timestamp="20210819 09:33:10.784" level="INFO">${value} = 07/16/2021</msg>
<status status="PASS" starttime="20210819 09:33:10.769" endtime="20210819 09:33:10.784"/>
</kw>
<kw name="Should Be Equal" library="BuiltIn">
<arg>${value}</arg>
<arg>07/16/2021</arg>
<doc>Fails if the given objects are unequal.</doc>
<status status="PASS" starttime="20210819 09:33:10.784" endtime="20210819 09:33:10.784"/>
</kw>
<kw name="Sleep" library="BuiltIn">
<arg>2</arg>
<doc>Pauses the test executed for the given time.</doc>
<msg timestamp="20210819 09:33:12.784" level="INFO">Slept 2 seconds</msg>
<status status="PASS" starttime="20210819 09:33:10.784" endtime="20210819 09:33:12.784"/>
</kw>
<status status="PASS" starttime="20210819 09:33:10.434" endtime="20210819 09:33:12.784"/>
</kw>
<kw name="Exit Browser">
<kw name="Close Browser" library="Selenium2Library">
<doc>Closes the current browser.</doc>
<status status="PASS" starttime="20210819 09:33:12.784" endtime="20210819 09:33:15.105"/>
</kw>
<status status="PASS" starttime="20210819 09:33:12.784" endtime="20210819 09:33:15.105"/>
</kw>
<status status="PASS" starttime="20210819 09:32:55.764" endtime="20210819 09:33:15.105"/>
</test>
<status status="PASS" starttime="20210819 09:32:55.034" endtime="20210819 09:33:15.115"/>
</suite>
<statistics>
<total>
<stat pass="1" fail="0" skip="0">All Tests</stat>
</total>
<tag>
</tag>
<suite>
<stat pass="1" fail="0" skip="0" id="s1" name="test DatePicker">test DatePicker</stat>
</suite>
</statistics>
<errors>
</errors>
</robot>
